<?xml version="1.0" encoding="UTF-8"?>
<testng-results skipped="0" failed="0" ignored="0" total="2" passed="2">
  <reporter-output>
  </reporter-output>
  <suite name="Default suite" duration-ms="61695" started-at="2020-09-22T03:37:36 IST" finished-at="2020-09-22T03:38:38 IST">
    <groups>
    </groups>
    <test name="Default test" duration-ms="61695" started-at="2020-09-22T03:37:36 IST" finished-at="2020-09-22T03:38:38 IST">
      <class name="Automation_UI.Automation_UI.test">
        <test-method status="PASS" signature="openBrowser()[pri:0, instance:Automation_UI.Automation_UI.test@578486a3]" name="openBrowser" is-config="true" duration-ms="19184" started-at="2020-09-22T03:37:36 IST" finished-at="2020-09-22T03:37:55 IST">
          <reporter-output>
          </reporter-output>
        </test-method> <!-- openBrowser -->
        <test-method status="PASS" signature="test1()[pri:0, instance:Automation_UI.Automation_UI.test@578486a3]" name="test1" duration-ms="11527" started-at="2020-09-22T03:37:55 IST" finished-at="2020-09-22T03:38:07 IST">
          <reporter-output>
          </reporter-output>
        </test-method> <!-- test1 -->
        <test-method status="PASS" signature="test2()[pri:0, instance:Automation_UI.Automation_UI.test@578486a3]" name="test2" duration-ms="29905" started-at="2020-09-22T03:38:07 IST" finished-at="2020-09-22T03:38:37 IST">
          <reporter-output>
          </reporter-output>
        </test-method> <!-- test2 -->
        <test-method status="PASS" signature="closeBrowser()[pri:0, instance:Automation_UI.Automation_UI.test@578486a3]" name="closeBrowser" is-config="true" duration-ms="839" started-at="2020-09-22T03:38:37 IST" finished-at="2020-09-22T03:38:38 IST">
          <reporter-output>
          </reporter-output>
        </test-method> <!-- closeBrowser -->
      </class> <!-- Automation_UI.Automation_UI.test -->
    </test> <!-- Default test -->
  </suite> <!-- Default suite -->
</testng-results>
